Creating database: etl
Save repository element : etl : Creation of initial version
Creating database: MySQL
Save repository element : MySQL : Creation of initial version
Updating database connection   {0} 
Save repository element : MySQL : Modification by user
Updating database connection   {0} 
Save repository element : etl : Modification by user
Updating database connection   {0} 
Save repository element : SQL Server : Modification by user
Updating database connection   {0} 
Save repository element : MySQL : Modification by user
Updating database connection   {0} 
Save repository element : MySQL : Modification by user
Save repository element : /Commissions : Checked in
Save repository element : /Commissionsv_GroupLoanDetail : Checked in
Save repository element : /DMI_Daily_Master_Daily : Checked in
Save repository element : /DMI_Monthly_MSRFacility : Checked in
Save repository element : /Freshdesk_Tickets : Checked in
Save repository element : /Get-Environment : Checked in
Save repository element : /RDM_IRLC_Daily : Checked in
Save repository element : /Set_DB_Connect : Checked in
Save repository element : /Staging_TMP_OctaneUsersFix : Checked in
Save repository element : /encompass_loan_history : Checked in
Save repository element : /app_BrokeredLoanAudit : Checked in
Save repository element : /DW_1_to_DW_2/Transformation/app_LoanTerms : Checked in
Save repository element : /app_Schedule_A : Checked in
Save repository element : /app_Schedule_B : Checked in
Save repository element : /app_Schedule_C : Checked in
Save repository element : /app_Schedule_D : Checked in
Save repository element : /app_Schedule_E : Checked in
Save repository element : /app_Schedule_M : Checked in
Save repository element : /app_Schedule_U : Checked in
Save repository element : /app_Schedule_V : Checked in
Save repository element : /app_WsKpi : Checked in
Save repository element : /DW_1_to_DW_2/Transformation/BI_Check_Rows_RDM_Hourly : Checked in
Save repository element : /DW_1_to_DW_2/Transformation/Check_Rows_RDM_Hourly : Checked in
Save repository element : /DW_1_to_DW_2/Transformation/CommissionCompensationAdjustment : Checked in
Save repository element : /DW_1_to_DW_2/Transformation/CommissionCompensationPlan : Checked in
Save repository element : /DW_1_to_DW_2/Transformation/CommissionLoanDetails : Checked in
Save repository element : /DW_1_to_DW_2/Transformation/Commissions : Checked in
Save repository element : /DW_1_to_DW_2/Transformation/Commissionsv_AssociateLoanDetailV : Checked in
Save repository element : /DW_1_to_DW_2/Transformation/Commissionsv_AssociatePayrollDetail : Checked in
Save repository element : /DW_1_to_DW_2/Transformation/Commissionsv_GroupLoanDetail : Checked in
Save repository element : /DW_1_to_DW_2/Transformation/Comm_AssociateCompensationPlansV : Checked in
Save repository element : /DW_1_to_DW_2/Transformation/DMI_Daily_Master_Daily : Checked in
Save repository element : /DMI_Daily_Master_Daily1 : Checked in
Save repository element : /DW_1_to_DW_2/Transformation/DMI_Monthly_MSRFacility : Checked in
Save repository element : /DMI_Monthly_MSRFacility1 : Checked in
Save repository element : /DW_1_to_DW_2/Transformation/lkup_charges : Checked in
Save repository element : /DW_1_to_DW_2/Transformation/lkup_profit_details : Checked in
Save repository element : /DW_1_to_DW_2/Transformation/RDM_Employee_EE : Checked in
Save repository element : /DW_1_to_DW_2/Transformation/RDM_IRLC_Daily : Checked in
Save repository element : /DW_1_to_DW_2/Transformation/RDM_Lkups_Teams : Checked in
Save repository element : /DW_1_to_DW_2/Transformation/RDM_Loans : Checked in
Save repository element : /DW_1_to_DW_2/Transformation/RDM_Tableau_Access_UserFilter : Checked in
Save repository element : /DW_2_to_DW_1/Transformation/Staging_TMP_OctaneUsersFix : Checked in
Save repository element : /test : Checked in
Save repository element : /Subset-2 : Checked in
Save repository element : /Encompass/Transformation/encompass_edw_data : Checked in
Save repository element : /encompass_edw_details : Checked in
Save repository element : /encompass_edw_secondary : Checked in
Save repository element : /encompass_ExtensionDataExport : Checked in
Save repository element : /Encompass/Transformation/encompass_loan : Checked in
Save repository element : /encompass_loan_history : Checked in
Save repository element : /encompass_MiscDataExport : Checked in
Save repository element : /encompass_NewEncompassExport : Checked in
Save repository element : /encompass_NightlyCompassTape : Checked in
Save repository element : /encompass_OpsFlagsExport : Checked in
Save repository element : /encompass_OpsPeopleProductivityExport : Checked in
Save repository element : /encompass_OpsTasksProductivityExport : Checked in
Save repository element : /encompass_ReportingDataExport : Checked in
Save repository element : /encompass_RevenueExport : Checked in
Save repository element : /Freshdesk_Tickets get filename : Checked in
Save repository element : /FreshDesk/Transformation/Freshdesk_Tickets : Checked in
Save repository element : /Freshdesk_Tickets_old : Checked in
Save repository element : /Tickets_json : Checked in
Save repository element : /transformation : Checked in
Save repository element : /GAM/Transformation/Gam_Alias_list : Checked in
Save repository element : /GAM/Transformation/Gam_Check_file : Checked in
Save repository element : /freshdesk_conversations : Checked in
Save repository element : /tickets : Checked in
Save repository element : /Underwriter/Transformation/Underwriter_Turntimes : Checked in
Save repository element : /WHBanks/Transformation/BankUnited : Checked in
Save repository element : /WHBanks/Transformation/BB&T cleanup test : Checked in
Save repository element : /WHBanks/Transformation/BB&T : Checked in
Save repository element : /WHBanks/Transformation/Flagstar : Checked in
Save repository element : /WHBanks/Transformation/LegacyTexas : Checked in
Save repository element : /WHBanks/Transformation/LHL : Checked in
Save repository element : /WHBanks/Transformation/Sterling : Checked in
Save repository element : /WHBanks/Transformation/TexasCapital : Checked in
Save repository element : /Commission : Checked in
Save repository element : /Commissionsv_AssociateLoanDetailV : Checked in
Save repository element : /Comm_AssociateCompensationPlansV : Checked in
Save repository element : /Freshdesk_tickets : Checked in
Save repository element : /RDM_IRLC_Daily : Checked in
Save repository element : /RDM_Loans : Checked in
Save repository element : /DW_1_to_DW_2/Commission : Checked in
Save repository element : /DW_1_to_DW_2/DMI_Daily_Master_Daily : Checked in
Save repository element : /App_Job_Run : Checked in
Save repository element : /DW_1_to_DW_2/Job/Commission : Checked in
Save repository element : /DW_1_to_DW_2/Job/Commissionsv_AssociatePayrollDetail : Checked in
Save repository element : /DW_1_to_DW_2/Job/Commissionsv_GroupLoanDetail : Checked in
Save repository element : /DW_1_to_DW_2/Job/Comm_AssociateCompensationPlansV : Checked in
Save repository element : /DW_1_to_DW_2/Job/DMI_Daily_Master_Daily : Checked in
Save repository element : /DW_1_to_DW_2/Job/DMI_Monthly_MSRFacility : Checked in
Save repository element : /DW_1_to_DW_2/Job/Job_RF_Lkups_Profit_Details : Checked in
Save repository element : /DW_1_to_DW_2/Job/lkup_charges : Checked in
Save repository element : /DW_1_to_DW_2/Job/RDM_Hourly : Checked in
Save repository element : /DW_1_to_DW_2/Job/RDM_IRLC_Daily : Checked in
Save repository element : /DW_1_to_DW_2/Job/RDM_Loans : Checked in
Save repository element : /DW_1_to_DW_2/Job/RDM_Tableau_Access_UserFilter : Checked in
Save repository element : /DW_1_to_DW_2/Job/RDM_TEAM_EMPLOYEE : Checked in
Save repository element : /DW_1_to_DW_2/Transformation/RDM_IRLC_Daily : Checked in
Save repository element : /DW_2_to_DW_1/Job/Staging_TMP_OctaneUsersFix : Checked in
Save repository element : /Encompass/Jobs/EDW_Data : Checked in
Save repository element : /Encompass/Jobs/Encompass_Loan : Checked in
Save repository element : /Encompass_Loan2 : Checked in
Save repository element : /FreshDesk/Job/Freshdesk_tickets : Checked in
Save repository element : /Freshdesk_tickets_old : Checked in
Save repository element : /TESTJOB : Checked in
Save repository element : /job : Checked in
Save repository element : /GAM/Jobs/Gam Import into Datalake : Checked in
Save repository element : /GAM/Jobs/Gam_Import : Checked in
Save repository element : /GAM/Jobs/Gam_Import2 : Checked in
Save repository element : /Commissions : Checked in
Save repository element : /Commissionsv_GroupLoanDetail : Checked in
Save repository element : /DMI_Daily_Master_Daily : Checked in
Save repository element : /DMI_Monthly_MSRFacility : Checked in
Save repository element : /Freshdesk_Tickets : Checked in
Save repository element : /Get-Environment : Checked in
Save repository element : /RDM_IRLC_Daily : Checked in
Save repository element : /Set_DB_Connect : Checked in
Save repository element : /Staging_TMP_OctaneUsersFix : Checked in
Save repository element : /encompass_loan_history : Checked in
Save repository element : /app_BrokeredLoanAudit : Checked in
Save repository element : /DW_1_to_DW_2/Transformation/app_LoanTerms : Checked in
Save repository element : /app_Schedule_A : Checked in
Save repository element : /app_Schedule_B : Checked in
Save repository element : /app_Schedule_C : Checked in
Save repository element : /app_Schedule_D : Checked in
Save repository element : /app_Schedule_E : Checked in
Save repository element : /app_Schedule_M : Checked in
Save repository element : /app_Schedule_U : Checked in
Save repository element : /app_Schedule_V : Checked in
Save repository element : /app_WsKpi : Checked in
Save repository element : /DW_1_to_DW_2/Transformation/BI_Check_Rows_RDM_Hourly : Checked in
Save repository element : /DW_1_to_DW_2/Transformation/Check_Rows_RDM_Hourly : Checked in
Save repository element : /DW_1_to_DW_2/Transformation/CommissionCompensationAdjustment : Checked in
Save repository element : /DW_1_to_DW_2/Transformation/CommissionCompensationPlan : Checked in
Save repository element : /DW_1_to_DW_2/Transformation/CommissionLoanDetails : Checked in
Save repository element : /DW_1_to_DW_2/Transformation/Commissions : Checked in
Save repository element : /DW_1_to_DW_2/Transformation/Commissionsv_AssociateLoanDetailV : Checked in
Save repository element : /DW_1_to_DW_2/Transformation/Commissionsv_AssociatePayrollDetail : Checked in
Save repository element : /DW_1_to_DW_2/Transformation/Commissionsv_GroupLoanDetail : Checked in
Save repository element : /DW_1_to_DW_2/Transformation/Comm_AssociateCompensationPlansV : Checked in
Save repository element : /DW_1_to_DW_2/Transformation/DMI_Daily_Master_Daily : Checked in
Save repository element : /DMI_Daily_Master_Daily1 : Checked in
Save repository element : /DW_1_to_DW_2/Transformation/DMI_Monthly_MSRFacility : Checked in
Save repository element : /DMI_Monthly_MSRFacility1 : Checked in
Save repository element : /DW_1_to_DW_2/Transformation/lkup_charges : Checked in
Save repository element : /DW_1_to_DW_2/Transformation/lkup_profit_details : Checked in
Save repository element : /DW_1_to_DW_2/Transformation/RDM_Employee_EE : Checked in
Save repository element : /DW_1_to_DW_2/Transformation/RDM_IRLC_Daily : Checked in
Save repository element : /DW_1_to_DW_2/Transformation/RDM_Lkups_Teams : Checked in
Save repository element : /DW_1_to_DW_2/Transformation/RDM_Loans : Checked in
Save repository element : /DW_1_to_DW_2/Transformation/RDM_Tableau_Access_UserFilter : Checked in
Save repository element : /DW_2_to_DW_1/Transformation/Staging_TMP_OctaneUsersFix : Checked in
Save repository element : /test : Checked in
Save repository element : /Subset-2 : Checked in
Save repository element : /Encompass/Transformation/encompass_edw_data : Checked in
Save repository element : /encompass_edw_details : Checked in
Save repository element : /encompass_edw_secondary : Checked in
Save repository element : /encompass_ExtensionDataExport : Checked in
Save repository element : /Encompass/Transformation/encompass_loan : Checked in
Save repository element : /encompass_loan_history : Checked in
Save repository element : /encompass_MiscDataExport : Checked in
Save repository element : /encompass_NewEncompassExport : Checked in
Save repository element : /encompass_NightlyCompassTape : Checked in
Save repository element : /encompass_OpsFlagsExport : Checked in
Save repository element : /encompass_OpsPeopleProductivityExport : Checked in
Save repository element : /encompass_OpsTasksProductivityExport : Checked in
Save repository element : /encompass_ReportingDataExport : Checked in
Save repository element : /encompass_RevenueExport : Checked in
Save repository element : /Freshdesk_Tickets get filename : Checked in
Save repository element : /FreshDesk/Transformation/Freshdesk_Tickets : Checked in
Save repository element : /Freshdesk_Tickets_old : Checked in
Save repository element : /Tickets_json : Checked in
Save repository element : /transformation : Checked in
Save repository element : /GAM/Transformation/Gam_Alias_list : Checked in
Save repository element : /GAM/Transformation/Gam_Check_file : Checked in
Save repository element : /freshdesk_conversations : Checked in
Save repository element : /tickets : Checked in
Save repository element : /Underwriter/Transformation/Underwriter_Turntimes : Checked in
Save repository element : /WHBanks/Transformation/BankUnited : Checked in
Save repository element : /WHBanks/Transformation/BB&T cleanup test : Checked in
Save repository element : /WHBanks/Transformation/BB&T : Checked in
Save repository element : /WHBanks/Transformation/Flagstar : Checked in
Save repository element : /WHBanks/Transformation/LegacyTexas : Checked in
Save repository element : /WHBanks/Transformation/LHL : Checked in
Save repository element : /WHBanks/Transformation/Sterling : Checked in
Save repository element : /WHBanks/Transformation/TexasCapital : Checked in
Save repository element : /Commission : Checked in
Save repository element : /Commissionsv_AssociateLoanDetailV : Checked in
Save repository element : /Comm_AssociateCompensationPlansV : Checked in
Save repository element : /Freshdesk_tickets : Checked in
Save repository element : /RDM_IRLC_Daily : Checked in
Save repository element : /RDM_Loans : Checked in
Save repository element : /DW_1_to_DW_2/Commission : Checked in
Save repository element : /DW_1_to_DW_2/DMI_Daily_Master_Daily : Checked in
Save repository element : /App_Job_Run : Checked in
Save repository element : /DW_1_to_DW_2/Job/Commission : Checked in
Save repository element : /DW_1_to_DW_2/Job/Commissionsv_AssociatePayrollDetail : Checked in
Save repository element : /DW_1_to_DW_2/Job/Commissionsv_GroupLoanDetail : Checked in
Save repository element : /DW_1_to_DW_2/Job/Comm_AssociateCompensationPlansV : Checked in
Save repository element : /DW_1_to_DW_2/Job/DMI_Daily_Master_Daily : Checked in
Save repository element : /DW_1_to_DW_2/Job/DMI_Monthly_MSRFacility : Checked in
Save repository element : /DW_1_to_DW_2/Job/Job_RF_Lkups_Profit_Details : Checked in
Save repository element : /DW_1_to_DW_2/Job/lkup_charges : Checked in
Save repository element : /DW_1_to_DW_2/Job/RDM_Hourly : Checked in
Save repository element : /DW_1_to_DW_2/Job/RDM_IRLC_Daily : Checked in
Save repository element : /DW_1_to_DW_2/Job/RDM_Loans : Checked in
Save repository element : /DW_1_to_DW_2/Job/RDM_Tableau_Access_UserFilter : Checked in
Save repository element : /DW_1_to_DW_2/Job/RDM_TEAM_EMPLOYEE : Checked in
Save repository element : /DW_1_to_DW_2/Transformation/RDM_IRLC_Daily : Checked in
Save repository element : /DW_2_to_DW_1/Job/Staging_TMP_OctaneUsersFix : Checked in
Save repository element : /Encompass/Jobs/EDW_Data : Checked in
Save repository element : /Encompass/Jobs/Encompass_Loan : Checked in
Save repository element : /Encompass_Loan2 : Checked in
Save repository element : /FreshDesk/Job/Freshdesk_tickets : Checked in
Save repository element : /Freshdesk_tickets_old : Checked in
Save repository element : /TESTJOB : Checked in
Save repository element : /job : Checked in
Save repository element : /GAM/Jobs/Gam Import into Datalake : Checked in
Save repository element : /GAM/Jobs/Gam_Import : Checked in
Save repository element : /GAM/Jobs/Gam_Import2 : Checked in
Save repository element : /app_WsKpi : Checked in
Save repository element : /Commissions : Checked in
Save repository element : /Commissionsv_GroupLoanDetail : Checked in
Save repository element : /DMI_Daily_Master_Daily : Checked in
Save repository element : /DMI_Monthly_MSRFacility : Checked in
Save repository element : /Freshdesk_Tickets : Checked in
Save repository element : /Get-Environment : Checked in
Save repository element : /RDM_IRLC_Daily : Checked in
Save repository element : /Set_DB_Connect : Checked in
Save repository element : /Staging_TMP_OctaneUsersFix : Checked in
Save repository element : /encompass_loan_history : Checked in
Save repository element : /app_BrokeredLoanAudit : Checked in
Save repository element : /DW_1_to_DW_2/Transformation/app_LoanTerms : Checked in
Save repository element : /DW_1_to_DW_2/Transformation/app_MarginMangement : Checked in
Save repository element : /app_Schedule_A : Checked in
Save repository element : /app_Schedule_B : Checked in
Save repository element : /app_Schedule_C : Checked in
Save repository element : /app_Schedule_D : Checked in
Save repository element : /app_Schedule_E : Checked in
Save repository element : /app_Schedule_M : Checked in
Save repository element : /app_Schedule_U : Checked in
Save repository element : /app_Schedule_V : Checked in
Save repository element : /DW_1_to_DW_2/Transformation/app_WsKpi : Checked in
Save repository element : /DW_1_to_DW_2/Transformation/BI_Check_Rows_RDM_Hourly : Checked in
Save repository element : /DW_1_to_DW_2/Transformation/Check_Rows_RDM_Hourly : Checked in
Save repository element : /DW_1_to_DW_2/Transformation/CommissionCompensationAdjustment : Checked in
Save repository element : /DW_1_to_DW_2/Transformation/CommissionCompensationPlan : Checked in
Save repository element : /DW_1_to_DW_2/Transformation/CommissionLoanDetails : Checked in
Save repository element : /DW_1_to_DW_2/Transformation/Commissions : Checked in
Save repository element : /DW_1_to_DW_2/Transformation/Commissionsv_AssociateLoanDetailV : Checked in
Save repository element : /DW_1_to_DW_2/Transformation/Commissionsv_AssociatePayrollDetail : Checked in
Save repository element : /DW_1_to_DW_2/Transformation/Commissionsv_GroupLoanDetail : Checked in
Save repository element : /DW_1_to_DW_2/Transformation/Comm_AssociateCompensationPlansV : Checked in
Save repository element : /DW_1_to_DW_2/Transformation/DMI_Daily_Master_Daily : Checked in
Save repository element : /DMI_Daily_Master_Daily1 : Checked in
Save repository element : /DW_1_to_DW_2/Transformation/DMI_Monthly_MSRFacility : Checked in
Save repository element : /DMI_Monthly_MSRFacility1 : Checked in
Save repository element : /DW_1_to_DW_2/Transformation/lkup_charges : Checked in
Save repository element : /DW_1_to_DW_2/Transformation/lkup_profit_details : Checked in
Save repository element : /DW_1_to_DW_2/Transformation/RDM_Employee_EE : Checked in
Save repository element : /DW_1_to_DW_2/Transformation/RDM_IRLC_Daily : Checked in
Save repository element : /DW_1_to_DW_2/Transformation/RDM_Lkups_Teams : Checked in
Save repository element : /DW_1_to_DW_2/Transformation/RDM_Loans : Checked in
Save repository element : /DW_1_to_DW_2/Transformation/RDM_Tableau_Access_UserFilter : Checked in
Save repository element : /DW_2_to_DW_1/Transformation/Staging_TMP_OctaneUsersFix : Checked in
Save repository element : /test : Checked in
Save repository element : /Subset-2 : Checked in
Save repository element : /Encompass/Transformation/encompass_edw_data : Checked in
Save repository element : /encompass_edw_details : Checked in
Save repository element : /encompass_edw_secondary : Checked in
Save repository element : /encompass_ExtensionDataExport : Checked in
Save repository element : /Encompass/Transformation/encompass_loan : Checked in
Save repository element : /encompass_loan_history : Checked in
Save repository element : /encompass_MiscDataExport : Checked in
Save repository element : /encompass_NewEncompassExport : Checked in
Save repository element : /encompass_NightlyCompassTape : Checked in
Save repository element : /encompass_OpsFlagsExport : Checked in
Save repository element : /encompass_OpsPeopleProductivityExport : Checked in
Save repository element : /encompass_OpsTasksProductivityExport : Checked in
Save repository element : /encompass_ReportingDataExport : Checked in
Save repository element : /encompass_RevenueExport : Checked in
Save repository element : /Freshdesk_Tickets get filename : Checked in
Save repository element : /FreshDesk/Transformation/Freshdesk_Tickets : Checked in
Save repository element : /Freshdesk_Tickets_old : Checked in
Save repository element : /Tickets_json : Checked in
Save repository element : /GAM/Transformation/Gam_Alias_list : Checked in
Save repository element : /GAM/Transformation/Gam_Check_file : Checked in
Save repository element : /freshdesk_conversations : Checked in
Save repository element : /tickets : Checked in
Save repository element : /Underwriter/Transformation/Underwriter_Turntimes : Checked in
Save repository element : /WHBanks/Transformation/BankUnited : Checked in
Save repository element : /WHBanks/Transformation/BB&T cleanup test : Checked in
Save repository element : /WHBanks/Transformation/BB&T : Checked in
Save repository element : /WHBanks/Transformation/Flagstar : Checked in
Save repository element : /WHBanks/Transformation/LegacyTexas : Checked in
Save repository element : /WHBanks/Transformation/LHL : Checked in
Save repository element : /WHBanks/Transformation/Sterling : Checked in
Save repository element : /WHBanks/Transformation/TexasCapital : Checked in
Save repository element : /Commission : Checked in
Save repository element : /Commissionsv_AssociateLoanDetailV : Checked in
Save repository element : /Comm_AssociateCompensationPlansV : Checked in
Save repository element : /Freshdesk_tickets : Checked in
Save repository element : /RDM_IRLC_Daily : Checked in
Save repository element : /RDM_Loans : Checked in
Save repository element : /DW_1_to_DW_2/Commission : Checked in
Save repository element : /DW_1_to_DW_2/DMI_Daily_Master_Daily : Checked in
Save repository element : /DW_1_to_DW_2/Job/App_Job_Run : Checked in
Save repository element : /DW_1_to_DW_2/Job/Commission : Checked in
Save repository element : /DW_1_to_DW_2/Job/Commissionsv_AssociatePayrollDetail : Checked in
Save repository element : /DW_1_to_DW_2/Job/Commissionsv_GroupLoanDetail : Checked in
Save repository element : /DW_1_to_DW_2/Job/Comm_AssociateCompensationPlansV : Checked in
Save repository element : /DW_1_to_DW_2/Job/DMI_Daily_Master_Daily : Checked in
Save repository element : /DW_1_to_DW_2/Job/DMI_Monthly_MSRFacility : Checked in
Save repository element : /DW_1_to_DW_2/Job/Job_RF_Lkups_Profit_Details : Checked in
Save repository element : /DW_1_to_DW_2/Job/lkup_charges : Checked in
Save repository element : /DW_1_to_DW_2/Job/RDM_Hourly : Checked in
Save repository element : /DW_1_to_DW_2/Job/RDM_IRLC_Daily : Checked in
Save repository element : /DW_1_to_DW_2/Job/RDM_Loans : Checked in
Save repository element : /DW_1_to_DW_2/Job/RDM_Tableau_Access_UserFilter : Checked in
Save repository element : /DW_1_to_DW_2/Job/RDM_TEAM_EMPLOYEE : Checked in
Save repository element : /DW_1_to_DW_2/Transformation/RDM_IRLC_Daily : Checked in
Save repository element : /DW_2_to_DW_1/Job/Staging_TMP_OctaneUsersFix : Checked in
Save repository element : /Encompass/Jobs/EDW_Data : Checked in
Save repository element : /Encompass/Jobs/Encompass_Loan : Checked in
Save repository element : /Encompass_Loan2 : Checked in
Save repository element : /FreshDesk/Job/Freshdesk_tickets : Checked in
Save repository element : /Freshdesk_tickets_old : Checked in
Save repository element : /TESTJOB : Checked in
Save repository element : /job : Checked in
Save repository element : /GAM/Jobs/Gam Import into Datalake : Checked in
Save repository element : /GAM/Jobs/Gam_Import : Checked in
Save repository element : /GAM/Jobs/Gam_Import2 : Checked in
Creating database: App
Save repository element : App : Creation of initial version
Updating database connection   {0} 
Save repository element : App : Modification by user
Updating database connection   {0} 
Save repository element : App : Modification by user
Creating database: mymssql
Save repository element : mymssql : Creation of initial version
